Connecting to database specified by database.yml
Connecting to database specified by database.yml
  [1m[36m (107.9ms)[0m  [1mSELECT `schema_migrations`.`version` FROM `schema_migrations` [0m
Migrating to CreateAdminNotes (20120722181138)
  [1m[35m (2353.0ms)[0m  CREATE TABLE `admin_notes` (`id` int(11) DEFAULT NULL auto_increment PRIMARY KEY, `resource_id` varchar(255) NOT NULL, `resource_type` varchar(255) NOT NULL, `user_id` int(11), `user_type` varchar(255), `body` text, `created_at` datetime NOT NULL, `updated_at` datetime NOT NULL) ENGINE=InnoDB
  [1m[36m (1390.8ms)[0m  [1mCREATE INDEX `index_admin_notes_on_resource_type_and_resource_id` ON `admin_notes` (`resource_type`, `resource_id`)[0m
  [1m[35m (730.9ms)[0m  CREATE INDEX `index_admin_notes_on_user_type_and_user_id` ON `admin_notes` (`user_type`, `user_id`)
  [1m[36m (49.3ms)[0m  [1mINSERT INTO `schema_migrations` (`version`) VALUES ('20120722181138')[0m
Migrating to MoveAdminNotesToComments (20120722181139)
  [1m[35m (526.9ms)[0m  DROP INDEX `index_admin_notes_on_user_type_and_user_id` ON `admin_notes`
  [1m[36m (56.7ms)[0m  [1mRENAME TABLE `admin_notes` TO `active_admin_comments`[0m
Mysql2::Error: Table 'active_admin_comments' already exists: RENAME TABLE `admin_notes` TO `active_admin_comments`
Connecting to database specified by database.yml
  [1m[36m (430.8ms)[0m  [1mCREATE TABLE `schema_migrations` (`version` varchar(255) NOT NULL) ENGINE=InnoDB[0m
  [1m[35m (807.8ms)[0m  CREATE UNIQUE INDEX `unique_schema_migrations` ON `schema_migrations` (`version`)
  [1m[36m (0.1ms)[0m  [1mSELECT `schema_migrations`.`version` FROM `schema_migrations` [0m
Migrating to CreateAdminNotes (20120722181138)
  [1m[35m (250.2ms)[0m  CREATE TABLE `admin_notes` (`id` int(11) DEFAULT NULL auto_increment PRIMARY KEY, `resource_id` varchar(255) NOT NULL, `resource_type` varchar(255) NOT NULL, `user_id` int(11), `user_type` varchar(255), `body` text, `created_at` datetime NOT NULL, `updated_at` datetime NOT NULL) ENGINE=InnoDB
  [1m[36m (499.8ms)[0m  [1mCREATE INDEX `index_admin_notes_on_resource_type_and_resource_id` ON `admin_notes` (`resource_type`, `resource_id`)[0m
  [1m[35m (623.2ms)[0m  CREATE INDEX `index_admin_notes_on_user_type_and_user_id` ON `admin_notes` (`user_type`, `user_id`)
  [1m[36m (15.2ms)[0m  [1mINSERT INTO `schema_migrations` (`version`) VALUES ('20120722181138')[0m
Migrating to MoveAdminNotesToComments (20120722181139)
  [1m[35m (424.5ms)[0m  DROP INDEX `index_admin_notes_on_user_type_and_user_id` ON `admin_notes`
  [1m[36m (172.6ms)[0m  [1mRENAME TABLE `admin_notes` TO `active_admin_comments`[0m
  [1m[35m (27.2ms)[0m  SHOW COLUMNS FROM `active_admin_comments` LIKE 'user_type'
  [1m[36m (232.6ms)[0m  [1mALTER TABLE `active_admin_comments` CHANGE `user_type` `author_type` varchar(255) DEFAULT NULL[0m
  [1m[35m (27.5ms)[0m  SHOW COLUMNS FROM `active_admin_comments` LIKE 'user_id'
  [1m[36m (309.5ms)[0m  [1mALTER TABLE `active_admin_comments` CHANGE `user_id` `author_id` int(11) DEFAULT NULL[0m
  [1m[35m (518.0ms)[0m  ALTER TABLE `active_admin_comments` ADD `namespace` varchar(255)
  [1m[36m (204.2ms)[0m  [1mCREATE INDEX `index_active_admin_comments_on_namespace` ON `active_admin_comments` (`namespace`)[0m
  [1m[35m (285.9ms)[0m  CREATE INDEX `index_active_admin_comments_on_author_type_and_author_id` ON `active_admin_comments` (`author_type`, `author_id`)
  [1m[36m (0.2ms)[0m  [1mUPDATE active_admin_comments SET namespace='admin'[0m
  [1m[35m (0.4ms)[0m  INSERT INTO `schema_migrations` (`version`) VALUES ('20120722181139')
Migrating to DeviseCreateUsers (20120723011341)
  [1m[36m (207.2ms)[0m  [1mCREATE TABLE `users` (`id` int(11) DEFAULT NULL auto_increment PRIMARY KEY, `email` varchar(255) DEFAULT '' NOT NULL, `encrypted_password` varchar(255) DEFAULT '' NOT NULL, `reset_password_token` varchar(255), `reset_password_sent_at` datetime, `remember_created_at` datetime, `sign_in_count` int(11) DEFAULT 0, `current_sign_in_at` datetime, `last_sign_in_at` datetime, `current_sign_in_ip` varchar(255), `last_sign_in_ip` varchar(255), `created_at` datetime NOT NULL, `updated_at` datetime NOT NULL) ENGINE=InnoDB[0m
  [1m[35m (163.8ms)[0m  CREATE UNIQUE INDEX `index_users_on_email` ON `users` (`email`)
  [1m[36m (230.0ms)[0m  [1mCREATE UNIQUE INDEX `index_users_on_reset_password_token` ON `users` (`reset_password_token`)[0m
  [1m[35m (16.9ms)[0m  INSERT INTO `schema_migrations` (`version`) VALUES ('20120723011341')
Migrating to AddSuperadminToUser (20120723011429)
  [1m[36m (342.7ms)[0m  [1mALTER TABLE `users` ADD `superadmin` tinyint(1) DEFAULT 0 NOT NULL[0m
  [1m[35m (0.2ms)[0m  BEGIN
  [1m[36mUser Exists (11.3ms)[0m  [1mSELECT 1 AS one FROM `users` WHERE `users`.`email` = BINARY 'default@example.com' LIMIT 1[0m
  [1m[35mSQL (0.3ms)[0m  INSERT INTO `users` (`created_at`, `current_sign_in_at`, `current_sign_in_ip`, `email`, `encrypted_password`, `last_sign_in_at`, `last_sign_in_ip`, `remember_created_at`, `reset_password_sent_at`, `reset_password_token`, `sign_in_count`, `superadmin`, `updated_at`) VALUES ('2014-03-14 13:39:04', NULL, NULL, 'default@example.com', '$2a$10$TenG8zUpNQms0GmBrHyRleKTV8gYolHAFY6lf2xY7HXDaF9Wc7CHG', NULL, NULL, NULL, NULL, NULL, 0, 1, '2014-03-14 13:39:04')
  [1m[36m (0.4ms)[0m  [1mCOMMIT[0m
  [1m[35m (29.4ms)[0m  INSERT INTO `schema_migrations` (`version`) VALUES ('20120723011429')
Migrating to CreateAgeGroups (20120726165609)
  [1m[36m (192.8ms)[0m  [1mCREATE TABLE `age_groups` (`id` int(11) DEFAULT NULL auto_increment PRIMARY KEY, `name` varchar(255) NOT NULL, `team_size` varchar(255) NOT NULL) ENGINE=InnoDB[0m
  [1m[35m (0.5ms)[0m  INSERT INTO `schema_migrations` (`version`) VALUES ('20120726165609')
Migrating to CreateFields (20120726172142)
  [1m[36m (291.3ms)[0m  [1mCREATE TABLE `fields` (`id` int(11) DEFAULT NULL auto_increment PRIMARY KEY, `name` varchar(255) NOT NULL, `location` varchar(255), `address` varchar(255) NOT NULL, `instructions` text) ENGINE=InnoDB[0m
  [1m[35m (35.2ms)[0m  INSERT INTO `schema_migrations` (`version`) VALUES ('20120726172142')
Migrating to CreateAgeGroupsFields (20120727112345)
  [1m[36m (405.1ms)[0m  [1mCREATE TABLE `age_groups_fields` (`age_group_id` int(11) NOT NULL, `field_id` int(11) NOT NULL) ENGINE=InnoDB[0m
  [1m[35m (31.7ms)[0m  INSERT INTO `schema_migrations` (`version`) VALUES ('20120727112345')
Migrating to CreateTeams (20120727120535)
  [1m[36m (177.2ms)[0m  [1mCREATE TABLE `teams` (`id` int(11) DEFAULT NULL auto_increment PRIMARY KEY, `name` varchar(255) NOT NULL, `gender` varchar(255), `age_group_id` int(11) NOT NULL) ENGINE=InnoDB[0m
  [1m[35m (0.4ms)[0m  INSERT INTO `schema_migrations` (`version`) VALUES ('20120727120535')
Migrating to CreateSeasons (20120728020315)
  [1m[36m (104.5ms)[0m  [1mCREATE TABLE `seasons` (`id` int(11) DEFAULT NULL auto_increment PRIMARY KEY, `name` varchar(255) NOT NULL, `start_date` date) ENGINE=InnoDB[0m
  [1m[35m (0.5ms)[0m  INSERT INTO `schema_migrations` (`version`) VALUES ('20120728020315')
Migrating to CreateGameSlotPatterns (20120728143306)
  [1m[36m (269.4ms)[0m  [1mCREATE TABLE `game_slot_patterns` (`id` int(11) DEFAULT NULL auto_increment PRIMARY KEY, `day_of_the_week` varchar(255) NOT NULL, `first_game_time` time DEFAULT '2012-01-01 16:00:00', `last_game_time` time DEFAULT '2012-01-02 02:00:00', `duration` int(11) DEFAULT 75) ENGINE=InnoDB[0m
  [1m[35m (18.2ms)[0m  INSERT INTO `schema_migrations` (`version`) VALUES ('20120728143306')
Migrating to CreateGameSlots (20120728164005)
  [1m[36m (262.4ms)[0m  [1mCREATE TABLE `game_slots` (`id` int(11) DEFAULT NULL auto_increment PRIMARY KEY, `field_id` int(11) NOT NULL, `game_date_time` datetime) ENGINE=InnoDB[0m
  [1m[35m (31.9ms)[0m  INSERT INTO `schema_migrations` (`version`) VALUES ('20120728164005')
Migrating to AddGameSlotDurationToAgeGroup (20120729015551)
  [1m[36m (166.3ms)[0m  [1mALTER TABLE `age_groups` ADD `game_slot_duration` int(11) DEFAULT 75[0m
  [1m[35m (0.4ms)[0m  INSERT INTO `schema_migrations` (`version`) VALUES ('20120729015551')
Migrating to AddEndDateToSeason (20120729025106)
  [1m[36m (248.9ms)[0m  [1mALTER TABLE `seasons` ADD `end_date` date[0m
  [1m[35m (0.4ms)[0m  INSERT INTO `schema_migrations` (`version`) VALUES ('20120729025106')
Migrating to AddProfileFieldsToUser (20120731112312)
  [1m[36m (278.3ms)[0m  [1mALTER TABLE `users` ADD `first_name` varchar(255)[0m
  [1m[35m (434.0ms)[0m  ALTER TABLE `users` ADD `last_name` varchar(255)
  [1m[36m (153.8ms)[0m  [1mALTER TABLE `users` ADD `contact_phone` varchar(255)[0m
  [1m[35m (0.4ms)[0m  INSERT INTO `schema_migrations` (`version`) VALUES ('20120731112312')
Migrating to CreateRoles (20120801114842)
  [1m[36m (179.8ms)[0m  [1mCREATE TABLE `roles` (`id` int(11) DEFAULT NULL auto_increment PRIMARY KEY, `user_id` int(11) NOT NULL, `team_id` int(11) NOT NULL, `name` varchar(255) DEFAULT 'Manager') ENGINE=InnoDB[0m
  [1m[35m (0.6ms)[0m  INSERT INTO `schema_migrations` (`version`) VALUES ('20120801114842')
Migrating to CreateClubs (20120801122424)
  [1m[36m (158.1ms)[0m  [1mCREATE TABLE `clubs` (`id` int(11) DEFAULT NULL auto_increment PRIMARY KEY, `name` varchar(255), `tagline` varchar(255)) ENGINE=InnoDB[0m
  [1m[35m (0.1ms)[0m  BEGIN
  [1m[36mSQL (0.2ms)[0m  [1mINSERT INTO `clubs` (`name`, `tagline`) VALUES ('Red Star Soccer', 'Player centered, coach driven, sports science inspired, and parent supported')[0m
  [1m[35m (0.5ms)[0m  COMMIT
  [1m[36m (0.6ms)[0m  [1mINSERT INTO `schema_migrations` (`version`) VALUES ('20120801122424')[0m
Migrating to CreateGames (20120807131410)
  [1m[35m (107.1ms)[0m  CREATE TABLE `games` (`id` int(11) DEFAULT NULL auto_increment PRIMARY KEY, `team_id` int(11) NOT NULL, `external_id` int(11), `game_date` date, `game_time` datetime, `game_slot_id` int(11), `opponent` varchar(255), `is_home_game` tinyint(1), `location` varchar(255), `status` varchar(255), `field_duties` varchar(255), `division` varchar(255), `league` varchar(255), `comments` text) ENGINE=InnoDB
  [1m[36m (0.5ms)[0m  [1mINSERT INTO `schema_migrations` (`version`) VALUES ('20120807131410')[0m
Migrating to AddExternalUrlToTeams (20120816052226)
  [1m[35m (327.0ms)[0m  ALTER TABLE `teams` ADD `external_url` varchar(255)
  [1m[36m (0.5ms)[0m  [1mINSERT INTO `schema_migrations` (`version`) VALUES ('20120816052226')[0m
  [1m[35m (0.1ms)[0m  SELECT `schema_migrations`.`version` FROM `schema_migrations` 
Connecting to database specified by database.yml


Started GET "/" for 127.0.0.1 at 2014-03-14 06:41:03 -0700
Processing by WelcomeController#index as HTML
  [1m[36mClub Load (0.2ms)[0m  [1mSELECT `clubs`.* FROM `clubs` LIMIT 1[0m
  Rendered shared/_login.html.erb (2.4ms)
  Rendered welcome/index.html.erb within layouts/application (5.2ms)
Compiled style.css  (29ms)  (pid 30885)
Compiled grid.css  (0ms)  (pid 30885)
Compiled layout.css  (0ms)  (pid 30885)
Compiled icons.css  (0ms)  (pid 30885)
Compiled fonts/font-awesome.css  (0ms)  (pid 30885)
Compiled external/jquery-ui-1.8.21.custom.css  (0ms)  (pid 30885)
Compiled external/jquery.chosen.css  (0ms)  (pid 30885)
Compiled external/jquery.fancybox.css  (0ms)  (pid 30885)
Compiled elements.css  (0ms)  (pid 30885)
Compiled forms.css  (0ms)  (pid 30885)
Compiled typographics.css  (0ms)  (pid 30885)
Compiled media-queries.css  (0ms)  (pid 30885)
Compiled ie-fixes.css  (0ms)  (pid 30885)
Compiled mango_admin.css  (115ms)  (pid 30885)
Compiled application.css  (120ms)  (pid 30885)
Compiled mango_admin/mylibs/polyfills/modernizr-2.6.1.min.js  (0ms)  (pid 30885)
Compiled mango_admin/mylibs/polyfills/respond.js  (0ms)  (pid 30885)
Compiled mango_admin/mylibs/polyfills/matchmedia.js  (0ms)  (pid 30885)
Compiled mango_admin/mylibs/jquery.hashchange.js  (0ms)  (pid 30885)
Compiled mango_admin/mylibs/jquery.idle-timer.js  (0ms)  (pid 30885)
Compiled mango_admin/mylibs/jquery.plusplus.js  (0ms)  (pid 30885)
Compiled mango_admin/mylibs/jquery.jgrowl.js  (0ms)  (pid 30885)
Compiled mango_admin/mylibs/jquery.scrollTo.js  (0ms)  (pid 30885)
Compiled mango_admin/mylibs/jquery.ui.touch-punch.js  (0ms)  (pid 30885)
Compiled mango_admin/mylibs/jquery.ui.multiaccordion.js  (0ms)  (pid 30885)
Compiled mango_admin/mylibs/number-functions.js  (0ms)  (pid 30885)
Compiled mango_admin/mylibs/general.js  (65ms)  (pid 30885)
Compiled mango_admin/mylibs/forms/jquery.autosize.js  (0ms)  (pid 30885)
Compiled mango_admin/mylibs/forms/jquery.checkbox.js  (0ms)  (pid 30885)
Compiled mango_admin/mylibs/forms/jquery.chosen.js  (0ms)  (pid 30885)
Compiled mango_admin/mylibs/forms/jquery.cleditor.js  (0ms)  (pid 30885)
Compiled mango_admin/mylibs/forms/jquery.colorpicker.js  (0ms)  (pid 30885)
Compiled mango_admin/mylibs/forms/jquery.ellipsis.js  (0ms)  (pid 30885)
Compiled mango_admin/mylibs/forms/jquery.fileinput.js  (0ms)  (pid 30885)
Compiled mango_admin/mylibs/forms/jquery.fullcalendar.js  (1ms)  (pid 30885)
Compiled mango_admin/mylibs/forms/jquery.maskedinput.js  (0ms)  (pid 30885)
Compiled mango_admin/mylibs/forms/jquery.mousewheel.js  (0ms)  (pid 30885)
Compiled mango_admin/mylibs/forms/jquery.placeholder.js  (0ms)  (pid 30885)
Compiled mango_admin/mylibs/forms/jquery.pwdmeter.js  (0ms)  (pid 30885)
Compiled mango_admin/mylibs/forms/jquery.ui.datetimepicker.js  (0ms)  (pid 30885)
Compiled mango_admin/mylibs/forms/jquery.ui.spinner.js  (0ms)  (pid 30885)
Compiled mango_admin/mylibs/forms/jquery.validate.js  (0ms)  (pid 30885)
Compiled mango_admin/mylibs/forms/index.js  (93ms)  (pid 30885)
Compiled mango_admin/mylibs/dynamic-tables/jquery.dataTables.js  (3ms)  (pid 30885)
Compiled mango_admin/mylibs/dynamic-tables/jquery.dataTables.tableTools.js  (0ms)  (pid 30885)
Compiled mango_admin/mylibs/dynamic-tables/jquery.dataTables.tableTools.zeroClipboard.js  (0ms)  (pid 30885)
Compiled mango_admin/mylibs/dynamic-tables/index.js  (41ms)  (pid 30885)
Compiled mango_admin/mango.js  (0ms)  (pid 30885)
Compiled mango_admin/plugins.js  (1ms)  (pid 30885)
Compiled mango_admin/script.js  (0ms)  (pid 30885)
Compiled mango_admin/app.js  (0ms)  (pid 30885)
Compiled mango_admin/index.js  (243ms)  (pid 30885)
Compiled clubsoccer.js  (0ms)  (pid 30885)
Compiled application.js  (252ms)  (pid 30885)
Completed 200 OK in 513ms (Views: 489.7ms | ActiveRecord: 4.3ms)


Started GET "/assets/mango_admin.css?body=1" for 127.0.0.1 at 2014-03-14 06:41:03 -0700
Served asset /mango_admin.css - 200 OK (10ms)


Started GET "/assets/mango_admin/mylibs/polyfills/matchmedia.js?body=1" for 127.0.0.1 at 2014-03-14 06:41:03 -0700
Served asset /mango_admin/mylibs/polyfills/matchmedia.js - 200 OK (1ms)


Started GET "/assets/mango_admin/mylibs/polyfills/respond.js?body=1" for 127.0.0.1 at 2014-03-14 06:41:03 -0700
Served asset /mango_admin/mylibs/polyfills/respond.js - 200 OK (1ms)


Started GET "/assets/mango_admin/mylibs/jquery.idle-timer.js?body=1" for 127.0.0.1 at 2014-03-14 06:41:03 -0700
Served asset /mango_admin/mylibs/jquery.idle-timer.js - 200 OK (1ms)


Started GET "/assets/mango_admin/mylibs/polyfills/modernizr-2.6.1.min.js?body=1" for 127.0.0.1 at 2014-03-14 06:41:03 -0700
Served asset /mango_admin/mylibs/polyfills/modernizr-2.6.1.min.js - 200 OK (1ms)


Started GET "/assets/mango_admin/mylibs/jquery.hashchange.js?body=1" for 127.0.0.1 at 2014-03-14 06:41:03 -0700
Served asset /mango_admin/mylibs/jquery.hashchange.js - 200 OK (2ms)


Started GET "/assets/application.css?body=1" for 127.0.0.1 at 2014-03-14 06:41:03 -0700
Served asset /application.css - 200 OK (11ms)


Started GET "/assets/style.css?body=1" for 127.0.0.1 at 2014-03-14 06:41:03 -0700
Served asset /style.css - 200 OK (1ms)


Started GET "/assets/grid.css?body=1" for 127.0.0.1 at 2014-03-14 06:41:03 -0700
Served asset /grid.css - 200 OK (1ms)


Started GET "/assets/layout.css?body=1" for 127.0.0.1 at 2014-03-14 06:41:03 -0700
Served asset /layout.css - 200 OK (1ms)


Started GET "/assets/icons.css?body=1" for 127.0.0.1 at 2014-03-14 06:41:03 -0700
Served asset /icons.css - 200 OK (1ms)


Started GET "/assets/elements.css?body=1" for 127.0.0.1 at 2014-03-14 06:41:03 -0700
Served asset /elements.css - 200 OK (1ms)


Started GET "/assets/external/jquery-ui-1.8.21.custom.css?body=1" for 127.0.0.1 at 2014-03-14 06:41:03 -0700
Served asset /external/jquery-ui-1.8.21.custom.css - 200 OK (1ms)


Started GET "/assets/external/jquery.chosen.css?body=1" for 127.0.0.1 at 2014-03-14 06:41:03 -0700
Served asset /external/jquery.chosen.css - 200 OK (1ms)


Started GET "/assets/typographics.css?body=1" for 127.0.0.1 at 2014-03-14 06:41:03 -0700
Served asset /typographics.css - 200 OK (1ms)


Started GET "/assets/media-queries.css?body=1" for 127.0.0.1 at 2014-03-14 06:41:03 -0700
Served asset /media-queries.css - 200 OK (2ms)


Started GET "/assets/ie-fixes.css?body=1" for 127.0.0.1 at 2014-03-14 06:41:04 -0700
Served asset /ie-fixes.css - 200 OK (5ms)


Started GET "/assets/external/jquery.fancybox.css?body=1" for 127.0.0.1 at 2014-03-14 06:41:04 -0700
Served asset /external/jquery.fancybox.css - 200 OK (1ms)


Started GET "/assets/forms.css?body=1" for 127.0.0.1 at 2014-03-14 06:41:04 -0700
Served asset /forms.css - 200 OK (1ms)


Started GET "/assets/mango_admin/mylibs/jquery.plusplus.js?body=1" for 127.0.0.1 at 2014-03-14 06:41:04 -0700
Served asset /mango_admin/mylibs/jquery.plusplus.js - 200 OK (1ms)


Started GET "/assets/fonts/font-awesome.css?body=1" for 127.0.0.1 at 2014-03-14 06:41:04 -0700
Served asset /fonts/font-awesome.css - 200 OK (1ms)


Started GET "/assets/mango_admin/mylibs/jquery.jgrowl.js?body=1" for 127.0.0.1 at 2014-03-14 06:41:04 -0700
Served asset /mango_admin/mylibs/jquery.jgrowl.js - 200 OK (1ms)


Started GET "/assets/mango_admin/mylibs/jquery.scrollTo.js?body=1" for 127.0.0.1 at 2014-03-14 06:41:04 -0700
Served asset /mango_admin/mylibs/jquery.scrollTo.js - 200 OK (1ms)


Started GET "/assets/mango_admin/mylibs/jquery.ui.touch-punch.js?body=1" for 127.0.0.1 at 2014-03-14 06:41:04 -0700
Served asset /mango_admin/mylibs/jquery.ui.touch-punch.js - 200 OK (1ms)


Started GET "/assets/mango_admin/mylibs/jquery.ui.multiaccordion.js?body=1" for 127.0.0.1 at 2014-03-14 06:41:04 -0700
Served asset /mango_admin/mylibs/jquery.ui.multiaccordion.js - 200 OK (39ms)


Started GET "/assets/mango_admin/mylibs/number-functions.js?body=1" for 127.0.0.1 at 2014-03-14 06:41:04 -0700
Served asset /mango_admin/mylibs/number-functions.js - 200 OK (1ms)


Started GET "/assets/mango_admin/mylibs/general.js?body=1" for 127.0.0.1 at 2014-03-14 06:41:04 -0700
Served asset /mango_admin/mylibs/general.js - 200 OK (7ms)


Started GET "/assets/mango_admin/mylibs/forms/jquery.autosize.js?body=1" for 127.0.0.1 at 2014-03-14 06:41:04 -0700
Served asset /mango_admin/mylibs/forms/jquery.autosize.js - 200 OK (1ms)


Started GET "/assets/mango_admin/mylibs/forms/jquery.checkbox.js?body=1" for 127.0.0.1 at 2014-03-14 06:41:04 -0700
Served asset /mango_admin/mylibs/forms/jquery.checkbox.js - 200 OK (1ms)


Started GET "/assets/mango_admin/mylibs/forms/jquery.chosen.js?body=1" for 127.0.0.1 at 2014-03-14 06:41:04 -0700
Served asset /mango_admin/mylibs/forms/jquery.chosen.js - 200 OK (2ms)


Started GET "/assets/mango_admin/mylibs/forms/jquery.cleditor.js?body=1" for 127.0.0.1 at 2014-03-14 06:41:04 -0700
Served asset /mango_admin/mylibs/forms/jquery.cleditor.js - 200 OK (2ms)


Started GET "/assets/mango_admin/mylibs/forms/jquery.fileinput.js?body=1" for 127.0.0.1 at 2014-03-14 06:41:04 -0700
Served asset /mango_admin/mylibs/forms/jquery.fileinput.js - 200 OK (2ms)


Started GET "/assets/mango_admin/mylibs/forms/jquery.ellipsis.js?body=1" for 127.0.0.1 at 2014-03-14 06:41:04 -0700
Served asset /mango_admin/mylibs/forms/jquery.ellipsis.js - 200 OK (1ms)


Started GET "/assets/mango_admin/mylibs/forms/jquery.colorpicker.js?body=1" for 127.0.0.1 at 2014-03-14 06:41:04 -0700
Served asset /mango_admin/mylibs/forms/jquery.colorpicker.js - 200 OK (1ms)


Started GET "/assets/mango_admin/mylibs/forms/jquery.fullcalendar.js?body=1" for 127.0.0.1 at 2014-03-14 06:41:04 -0700
Served asset /mango_admin/mylibs/forms/jquery.fullcalendar.js - 200 OK (1ms)


Started GET "/assets/mango_admin/mylibs/forms/jquery.maskedinput.js?body=1" for 127.0.0.1 at 2014-03-14 06:41:04 -0700
Served asset /mango_admin/mylibs/forms/jquery.maskedinput.js - 200 OK (1ms)


Started GET "/assets/mango_admin/mylibs/forms/jquery.mousewheel.js?body=1" for 127.0.0.1 at 2014-03-14 06:41:04 -0700
Served asset /mango_admin/mylibs/forms/jquery.mousewheel.js - 200 OK (2ms)


Started GET "/assets/mango_admin/mylibs/forms/jquery.placeholder.js?body=1" for 127.0.0.1 at 2014-03-14 06:41:04 -0700
Served asset /mango_admin/mylibs/forms/jquery.placeholder.js - 200 OK (1ms)


Started GET "/assets/mango_admin/mylibs/forms/jquery.pwdmeter.js?body=1" for 127.0.0.1 at 2014-03-14 06:41:04 -0700
Served asset /mango_admin/mylibs/forms/jquery.pwdmeter.js - 200 OK (1ms)


Started GET "/assets/mango_admin/mylibs/forms/jquery.ui.datetimepicker.js?body=1" for 127.0.0.1 at 2014-03-14 06:41:04 -0700
Served asset /mango_admin/mylibs/forms/jquery.ui.datetimepicker.js - 200 OK (1ms)


Started GET "/assets/mango_admin/mylibs/forms/jquery.ui.spinner.js?body=1" for 127.0.0.1 at 2014-03-14 06:41:04 -0700
Served asset /mango_admin/mylibs/forms/jquery.ui.spinner.js - 200 OK (3ms)


Started GET "/assets/mango_admin/mylibs/forms/jquery.validate.js?body=1" for 127.0.0.1 at 2014-03-14 06:41:04 -0700
Served asset /mango_admin/mylibs/forms/jquery.validate.js - 200 OK (1ms)


Started GET "/assets/mango_admin/mylibs/forms/index.js?body=1" for 127.0.0.1 at 2014-03-14 06:41:04 -0700
Served asset /mango_admin/mylibs/forms/index.js - 200 OK (13ms)


Started GET "/assets/mango_admin/mylibs/dynamic-tables/jquery.dataTables.js?body=1" for 127.0.0.1 at 2014-03-14 06:41:04 -0700
Served asset /mango_admin/mylibs/dynamic-tables/jquery.dataTables.js - 200 OK (37ms)


Started GET "/assets/mango_admin/mylibs/dynamic-tables/jquery.dataTables.tableTools.js?body=1" for 127.0.0.1 at 2014-03-14 06:41:04 -0700
Served asset /mango_admin/mylibs/dynamic-tables/jquery.dataTables.tableTools.js - 200 OK (1ms)


Started GET "/assets/mango_admin/mylibs/dynamic-tables/jquery.dataTables.tableTools.zeroClipboard.js?body=1" for 127.0.0.1 at 2014-03-14 06:41:04 -0700
Served asset /mango_admin/mylibs/dynamic-tables/jquery.dataTables.tableTools.zeroClipboard.js - 200 OK (1ms)


Started GET "/assets/mango_admin/mylibs/dynamic-tables/index.js?body=1" for 127.0.0.1 at 2014-03-14 06:41:04 -0700
Served asset /mango_admin/mylibs/dynamic-tables/index.js - 200 OK (7ms)


Started GET "/assets/mango_admin/mango.js?body=1" for 127.0.0.1 at 2014-03-14 06:41:04 -0700
Served asset /mango_admin/mango.js - 200 OK (1ms)


Started GET "/assets/mango_admin/plugins.js?body=1" for 127.0.0.1 at 2014-03-14 06:41:04 -0700
Served asset /mango_admin/plugins.js - 200 OK (1ms)


Started GET "/assets/mango_admin/script.js?body=1" for 127.0.0.1 at 2014-03-14 06:41:04 -0700
Served asset /mango_admin/script.js - 200 OK (1ms)


Started GET "/assets/mango_admin/app.js?body=1" for 127.0.0.1 at 2014-03-14 06:41:04 -0700
Served asset /mango_admin/app.js - 200 OK (1ms)


Started GET "/assets/mango_admin/index.js?body=1" for 127.0.0.1 at 2014-03-14 06:41:04 -0700
Served asset /mango_admin/index.js - 200 OK (57ms)


Started GET "/assets/clubsoccer.js?body=1" for 127.0.0.1 at 2014-03-14 06:41:04 -0700
Served asset /clubsoccer.js - 200 OK (1ms)


Started GET "/assets/application.js?body=1" for 127.0.0.1 at 2014-03-14 06:41:04 -0700
Served asset /application.js - 200 OK (27ms)


Started GET "/assets/redstar-logo.png" for 127.0.0.1 at 2014-03-14 06:41:04 -0700
Served asset /redstar-logo.png - 200 OK (59ms)


Started GET "/admin" for 127.0.0.1 at 2014-03-14 06:41:08 -0700

ActionController::RoutingError (uninitialized constant Admin::DashboardController):
  activesupport (3.2.11) lib/active_support/inflector/methods.rb:230:in `block in constantize'
  activesupport (3.2.11) lib/active_support/inflector/methods.rb:229:in `each'
  activesupport (3.2.11) lib/active_support/inflector/methods.rb:229:in `constantize'
  actionpack (3.2.11) lib/action_dispatch/routing/route_set.rb:69:in `controller_reference'
  actionpack (3.2.11) lib/action_dispatch/routing/route_set.rb:54:in `controller'
  actionpack (3.2.11) lib/action_dispatch/routing/route_set.rb:32:in `call'
  journey (1.0.4) lib/journey/router.rb:68:in `block in call'
  journey (1.0.4) lib/journey/router.rb:56:in `each'
  journey (1.0.4) lib/journey/router.rb:56:in `call'
  actionpack (3.2.11) lib/action_dispatch/routing/route_set.rb:601:in `call'
  warden (1.1.1) lib/warden/manager.rb:35:in `block in call'
  warden (1.1.1) lib/warden/manager.rb:34:in `catch'
  warden (1.1.1) lib/warden/manager.rb:34:in `call'
  actionpack (3.2.11) lib/action_dispatch/middleware/best_standards_support.rb:17:in `call'
  rack (1.4.5) lib/rack/etag.rb:23:in `call'
  rack (1.4.5) lib/rack/conditionalget.rb:25:in `call'
  actionpack (3.2.11) lib/action_dispatch/middleware/head.rb:14:in `call'
  actionpack (3.2.11) lib/action_dispatch/middleware/params_parser.rb:21:in `call'
  actionpack (3.2.11) lib/action_dispatch/middleware/flash.rb:242:in `call'
  rack (1.4.5) lib/rack/session/abstract/id.rb:210:in `context'
  rack (1.4.5) lib/rack/session/abstract/id.rb:205:in `call'
  actionpack (3.2.11) lib/action_dispatch/middleware/cookies.rb:341:in `call'
  activerecord (3.2.11) lib/active_record/query_cache.rb:64:in `call'
  activerecord (3.2.11) lib/active_record/connection_adapters/abstract/connection_pool.rb:479:in `call'
  actionpack (3.2.11) lib/action_dispatch/middleware/callbacks.rb:28:in `block in call'
  activesupport (3.2.11) lib/active_support/callbacks.rb:405:in `_run__497713308669675597__call__3624728986250859895__callbacks'
  activesupport (3.2.11) lib/active_support/callbacks.rb:405:in `__run_callback'
  activesupport (3.2.11) lib/active_support/callbacks.rb:385:in `_run_call_callbacks'
  activesupport (3.2.11) lib/active_support/callbacks.rb:81:in `run_callbacks'
  actionpack (3.2.11) lib/action_dispatch/middleware/callbacks.rb:27:in `call'
  actionpack (3.2.11) lib/action_dispatch/middleware/reloader.rb:65:in `call'
  actionpack (3.2.11) lib/action_dispatch/middleware/remote_ip.rb:31:in `call'
  actionpack (3.2.11) lib/action_dispatch/middleware/debug_exceptions.rb:16:in `call'
  actionpack (3.2.11) lib/action_dispatch/middleware/show_exceptions.rb:56:in `call'
  railties (3.2.11) lib/rails/rack/logger.rb:32:in `call_app'
  railties (3.2.11) lib/rails/rack/logger.rb:16:in `block in call'
  activesupport (3.2.11) lib/active_support/tagged_logging.rb:22:in `tagged'
  railties (3.2.11) lib/rails/rack/logger.rb:16:in `call'
  actionpack (3.2.11) lib/action_dispatch/middleware/request_id.rb:22:in `call'
  rack (1.4.5) lib/rack/methodoverride.rb:21:in `call'
  rack (1.4.5) lib/rack/runtime.rb:17:in `call'
  activesupport (3.2.11) lib/active_support/cache/strategy/local_cache.rb:72:in `call'
  rack (1.4.5) lib/rack/lock.rb:15:in `call'
  actionpack (3.2.11) lib/action_dispatch/middleware/static.rb:62:in `call'
  railties (3.2.11) lib/rails/engine.rb:479:in `call'
  railties (3.2.11) lib/rails/application.rb:223:in `call'
  rack (1.4.5) lib/rack/content_length.rb:14:in `call'
  railties (3.2.11) lib/rails/rack/log_tailer.rb:17:in `call'
  rack (1.4.5) lib/rack/handler/webrick.rb:59:in `service'
  /Users/subbu/.rvm/rubies/ruby-2.0.0-p247/lib/ruby/2.0.0/webrick/httpserver.rb:138:in `service'
  /Users/subbu/.rvm/rubies/ruby-2.0.0-p247/lib/ruby/2.0.0/webrick/httpserver.rb:94:in `run'
  /Users/subbu/.rvm/rubies/ruby-2.0.0-p247/lib/ruby/2.0.0/webrick/server.rb:295:in `block in start_thread'


  Rendered /Users/subbu/.rvm/gems/ruby-2.0.0-p247@strikezone/gems/actionpack-3.2.11/lib/action_dispatch/middleware/templates/rescues/routing_error.erb within rescues/layout (0.4ms)


Started GET "/admin" for 127.0.0.1 at 2014-03-14 06:41:19 -0700

NameError (uninitialized constant ActiveAdmin::Dashboards):
  app/admin/dashboards.rb:1:in `<top (required)>'
  config/routes.rb:4:in `block in <top (required)>'
  config/routes.rb:1:in `<top (required)>'


  Rendered /Users/subbu/.rvm/gems/ruby-2.0.0-p247@strikezone/gems/actionpack-3.2.11/lib/action_dispatch/middleware/templates/rescues/_trace.erb (0.9ms)
  Rendered /Users/subbu/.rvm/gems/ruby-2.0.0-p247@strikezone/gems/actionpack-3.2.11/lib/action_dispatch/middleware/templates/rescues/_request_and_response.erb (0.7ms)
  Rendered /Users/subbu/.rvm/gems/ruby-2.0.0-p247@strikezone/gems/actionpack-3.2.11/lib/action_dispatch/middleware/templates/rescues/diagnostics.erb within rescues/layout (8.1ms)
Connecting to database specified by database.yml
Connecting to database specified by database.yml
Connecting to database specified by database.yml
Connecting to database specified by database.yml
Connecting to database specified by database.yml


Started GET "/" for 127.0.0.1 at 2014-03-28 20:13:05 -0700
Processing by DashboardController#index as HTML
  [1m[36mClub Load (0.3ms)[0m  [1mSELECT `clubs`.* FROM `clubs` LIMIT 1[0m
Completed 401 Unauthorized in 470ms


Started GET "/users/sign_in" for 127.0.0.1 at 2014-03-28 20:13:06 -0700
Processing by Devise::SessionsController#new as HTML
  [1m[35mClub Load (0.3ms)[0m  SELECT `clubs`.* FROM `clubs` LIMIT 1
  Rendered shared/_login.html.erb (2.4ms)
  Rendered users/sessions/new.html.erb within layouts/application (6.4ms)
Completed 200 OK in 339ms (Views: 306.9ms | ActiveRecord: 18.5ms)


Started GET "/assets/style.css?body=1" for 127.0.0.1 at 2014-03-28 20:13:06 -0700
Served asset /style.css - 200 OK (3ms)


Started GET "/assets/grid.css?body=1" for 127.0.0.1 at 2014-03-28 20:13:06 -0700
Served asset /grid.css - 200 OK (1ms)


Started GET "/assets/icons.css?body=1" for 127.0.0.1 at 2014-03-28 20:13:06 -0700
Served asset /icons.css - 200 OK (2ms)


Started GET "/assets/external/jquery-ui-1.8.21.custom.css?body=1" for 127.0.0.1 at 2014-03-28 20:13:06 -0700
Served asset /external/jquery-ui-1.8.21.custom.css - 200 OK (1ms)


Started GET "/assets/fonts/font-awesome.css?body=1" for 127.0.0.1 at 2014-03-28 20:13:06 -0700
Served asset /fonts/font-awesome.css - 200 OK (1ms)


Started GET "/assets/layout.css?body=1" for 127.0.0.1 at 2014-03-28 20:13:06 -0700
Served asset /layout.css - 200 OK (1ms)


Started GET "/assets/external/jquery.chosen.css?body=1" for 127.0.0.1 at 2014-03-28 20:13:06 -0700
Served asset /external/jquery.chosen.css - 200 OK (2ms)


Started GET "/assets/external/jquery.fancybox.css?body=1" for 127.0.0.1 at 2014-03-28 20:13:06 -0700
Served asset /external/jquery.fancybox.css - 200 OK (2ms)


Started GET "/assets/elements.css?body=1" for 127.0.0.1 at 2014-03-28 20:13:06 -0700
Served asset /elements.css - 200 OK (1ms)


Started GET "/assets/forms.css?body=1" for 127.0.0.1 at 2014-03-28 20:13:06 -0700
Served asset /forms.css - 200 OK (2ms)


Started GET "/assets/application.css?body=1" for 127.0.0.1 at 2014-03-28 20:13:06 -0700
Served asset /application.css - 200 OK (42ms)


Started GET "/assets/typographics.css?body=1" for 127.0.0.1 at 2014-03-28 20:13:07 -0700
Served asset /typographics.css - 200 OK (1ms)


Started GET "/assets/media-queries.css?body=1" for 127.0.0.1 at 2014-03-28 20:13:07 -0700
Served asset /media-queries.css - 200 OK (1ms)


Started GET "/assets/ie-fixes.css?body=1" for 127.0.0.1 at 2014-03-28 20:13:07 -0700
Served asset /ie-fixes.css - 200 OK (1ms)


Started GET "/assets/mango_admin.css?body=1" for 127.0.0.1 at 2014-03-28 20:13:07 -0700
Served asset /mango_admin.css - 200 OK (13ms)


Started GET "/assets/mango_admin/mylibs/polyfills/modernizr-2.6.1.min.js?body=1" for 127.0.0.1 at 2014-03-28 20:13:07 -0700
Served asset /mango_admin/mylibs/polyfills/modernizr-2.6.1.min.js - 200 OK (2ms)


Started GET "/assets/mango_admin/mylibs/polyfills/respond.js?body=1" for 127.0.0.1 at 2014-03-28 20:13:07 -0700
Served asset /mango_admin/mylibs/polyfills/respond.js - 200 OK (1ms)


Started GET "/assets/mango_admin/mylibs/polyfills/matchmedia.js?body=1" for 127.0.0.1 at 2014-03-28 20:13:07 -0700
Served asset /mango_admin/mylibs/polyfills/matchmedia.js - 200 OK (1ms)


Started GET "/assets/mango_admin/mylibs/jquery.idle-timer.js?body=1" for 127.0.0.1 at 2014-03-28 20:13:07 -0700
Served asset /mango_admin/mylibs/jquery.idle-timer.js - 200 OK (1ms)


Started GET "/assets/mango_admin/mylibs/jquery.hashchange.js?body=1" for 127.0.0.1 at 2014-03-28 20:13:07 -0700
Served asset /mango_admin/mylibs/jquery.hashchange.js - 200 OK (1ms)


Started GET "/assets/mango_admin/mylibs/jquery.plusplus.js?body=1" for 127.0.0.1 at 2014-03-28 20:13:07 -0700
Served asset /mango_admin/mylibs/jquery.plusplus.js - 200 OK (1ms)


Started GET "/assets/mango_admin/mylibs/jquery.jgrowl.js?body=1" for 127.0.0.1 at 2014-03-28 20:13:07 -0700
Served asset /mango_admin/mylibs/jquery.jgrowl.js - 200 OK (2ms)


Started GET "/assets/mango_admin/mylibs/jquery.scrollTo.js?body=1" for 127.0.0.1 at 2014-03-28 20:13:07 -0700
Served asset /mango_admin/mylibs/jquery.scrollTo.js - 200 OK (1ms)


Started GET "/assets/mango_admin/mylibs/jquery.ui.touch-punch.js?body=1" for 127.0.0.1 at 2014-03-28 20:13:07 -0700
Served asset /mango_admin/mylibs/jquery.ui.touch-punch.js - 200 OK (1ms)


Started GET "/assets/mango_admin/mylibs/jquery.ui.multiaccordion.js?body=1" for 127.0.0.1 at 2014-03-28 20:13:07 -0700
Served asset /mango_admin/mylibs/jquery.ui.multiaccordion.js - 200 OK (1ms)


Started GET "/assets/mango_admin/mylibs/number-functions.js?body=1" for 127.0.0.1 at 2014-03-28 20:13:07 -0700
Served asset /mango_admin/mylibs/number-functions.js - 200 OK (1ms)


Started GET "/assets/mango_admin/mylibs/general.js?body=1" for 127.0.0.1 at 2014-03-28 20:13:07 -0700
Served asset /mango_admin/mylibs/general.js - 200 OK (7ms)


Started GET "/assets/mango_admin/mylibs/forms/jquery.autosize.js?body=1" for 127.0.0.1 at 2014-03-28 20:13:07 -0700
Served asset /mango_admin/mylibs/forms/jquery.autosize.js - 200 OK (1ms)


Started GET "/assets/mango_admin/mylibs/forms/jquery.checkbox.js?body=1" for 127.0.0.1 at 2014-03-28 20:13:07 -0700
Served asset /mango_admin/mylibs/forms/jquery.checkbox.js - 200 OK (1ms)


Started GET "/assets/mango_admin/mylibs/forms/jquery.chosen.js?body=1" for 127.0.0.1 at 2014-03-28 20:13:07 -0700
Served asset /mango_admin/mylibs/forms/jquery.chosen.js - 200 OK (1ms)


Started GET "/assets/mango_admin/mylibs/forms/jquery.cleditor.js?body=1" for 127.0.0.1 at 2014-03-28 20:13:07 -0700
Served asset /mango_admin/mylibs/forms/jquery.cleditor.js - 200 OK (3ms)


Started GET "/assets/mango_admin/mylibs/forms/jquery.colorpicker.js?body=1" for 127.0.0.1 at 2014-03-28 20:13:07 -0700
Served asset /mango_admin/mylibs/forms/jquery.colorpicker.js - 200 OK (1ms)


Started GET "/assets/mango_admin/mylibs/forms/jquery.ellipsis.js?body=1" for 127.0.0.1 at 2014-03-28 20:13:07 -0700
Served asset /mango_admin/mylibs/forms/jquery.ellipsis.js - 200 OK (2ms)


Started GET "/assets/mango_admin/mylibs/forms/jquery.fileinput.js?body=1" for 127.0.0.1 at 2014-03-28 20:13:07 -0700
Served asset /mango_admin/mylibs/forms/jquery.fileinput.js - 200 OK (1ms)


Started GET "/assets/mango_admin/mylibs/forms/jquery.fullcalendar.js?body=1" for 127.0.0.1 at 2014-03-28 20:13:07 -0700
Served asset /mango_admin/mylibs/forms/jquery.fullcalendar.js - 200 OK (1ms)


Started GET "/assets/mango_admin/mylibs/forms/jquery.maskedinput.js?body=1" for 127.0.0.1 at 2014-03-28 20:13:07 -0700
Served asset /mango_admin/mylibs/forms/jquery.maskedinput.js - 200 OK (1ms)


Started GET "/assets/mango_admin/mylibs/forms/jquery.mousewheel.js?body=1" for 127.0.0.1 at 2014-03-28 20:13:07 -0700
Served asset /mango_admin/mylibs/forms/jquery.mousewheel.js - 200 OK (1ms)


Started GET "/assets/mango_admin/mylibs/forms/jquery.placeholder.js?body=1" for 127.0.0.1 at 2014-03-28 20:13:07 -0700
Served asset /mango_admin/mylibs/forms/jquery.placeholder.js - 200 OK (1ms)


Started GET "/assets/mango_admin/mylibs/forms/jquery.pwdmeter.js?body=1" for 127.0.0.1 at 2014-03-28 20:13:07 -0700
Served asset /mango_admin/mylibs/forms/jquery.pwdmeter.js - 200 OK (1ms)


Started GET "/assets/mango_admin/mylibs/forms/jquery.ui.datetimepicker.js?body=1" for 127.0.0.1 at 2014-03-28 20:13:07 -0700
Served asset /mango_admin/mylibs/forms/jquery.ui.datetimepicker.js - 200 OK (3ms)


Started GET "/assets/mango_admin/mylibs/forms/jquery.ui.spinner.js?body=1" for 127.0.0.1 at 2014-03-28 20:13:07 -0700
Served asset /mango_admin/mylibs/forms/jquery.ui.spinner.js - 200 OK (1ms)


Started GET "/assets/mango_admin/mylibs/forms/jquery.validate.js?body=1" for 127.0.0.1 at 2014-03-28 20:13:07 -0700
Served asset /mango_admin/mylibs/forms/jquery.validate.js - 200 OK (1ms)


Started GET "/assets/mango_admin/mylibs/forms/index.js?body=1" for 127.0.0.1 at 2014-03-28 20:13:07 -0700
Served asset /mango_admin/mylibs/forms/index.js - 200 OK (11ms)


Started GET "/assets/mango_admin/mylibs/dynamic-tables/jquery.dataTables.js?body=1" for 127.0.0.1 at 2014-03-28 20:13:07 -0700
Served asset /mango_admin/mylibs/dynamic-tables/jquery.dataTables.js - 200 OK (3ms)


Started GET "/assets/mango_admin/mylibs/dynamic-tables/jquery.dataTables.tableTools.js?body=1" for 127.0.0.1 at 2014-03-28 20:13:07 -0700
Served asset /mango_admin/mylibs/dynamic-tables/jquery.dataTables.tableTools.js - 200 OK (1ms)


Started GET "/assets/mango_admin/mylibs/dynamic-tables/jquery.dataTables.tableTools.zeroClipboard.js?body=1" for 127.0.0.1 at 2014-03-28 20:13:07 -0700
Served asset /mango_admin/mylibs/dynamic-tables/jquery.dataTables.tableTools.zeroClipboard.js - 200 OK (1ms)


Started GET "/assets/mango_admin/mylibs/dynamic-tables/index.js?body=1" for 127.0.0.1 at 2014-03-28 20:13:07 -0700
Served asset /mango_admin/mylibs/dynamic-tables/index.js - 200 OK (39ms)


Started GET "/assets/mango_admin/mango.js?body=1" for 127.0.0.1 at 2014-03-28 20:13:07 -0700
Served asset /mango_admin/mango.js - 200 OK (1ms)


Started GET "/assets/mango_admin/plugins.js?body=1" for 127.0.0.1 at 2014-03-28 20:13:07 -0700
Served asset /mango_admin/plugins.js - 200 OK (1ms)


Started GET "/assets/mango_admin/script.js?body=1" for 127.0.0.1 at 2014-03-28 20:13:07 -0700
Served asset /mango_admin/script.js - 200 OK (1ms)


Started GET "/assets/mango_admin/app.js?body=1" for 127.0.0.1 at 2014-03-28 20:13:07 -0700
Served asset /mango_admin/app.js - 200 OK (1ms)


Started GET "/assets/mango_admin/index.js?body=1" for 127.0.0.1 at 2014-03-28 20:13:07 -0700
Served asset /mango_admin/index.js - 200 OK (27ms)


Started GET "/assets/clubsoccer.js?body=1" for 127.0.0.1 at 2014-03-28 20:13:07 -0700
Served asset /clubsoccer.js - 200 OK (1ms)


Started GET "/assets/application.js?body=1" for 127.0.0.1 at 2014-03-28 20:13:07 -0700
Served asset /application.js - 200 OK (58ms)


Started GET "/assets/redstar-logo.png" for 127.0.0.1 at 2014-03-28 20:13:07 -0700
Served asset /redstar-logo.png - 200 OK (23ms)


Started GET "/users/favicon.ico" for 127.0.0.1 at 2014-03-28 20:13:08 -0700

ActionController::RoutingError (No route matches [GET] "/users/favicon.ico"):
  actionpack (3.2.11) lib/action_dispatch/middleware/debug_exceptions.rb:21:in `call'
  actionpack (3.2.11) lib/action_dispatch/middleware/show_exceptions.rb:56:in `call'
  railties (3.2.11) lib/rails/rack/logger.rb:32:in `call_app'
  railties (3.2.11) lib/rails/rack/logger.rb:16:in `block in call'
  activesupport (3.2.11) lib/active_support/tagged_logging.rb:22:in `tagged'
  railties (3.2.11) lib/rails/rack/logger.rb:16:in `call'
  actionpack (3.2.11) lib/action_dispatch/middleware/request_id.rb:22:in `call'
  rack (1.4.5) lib/rack/methodoverride.rb:21:in `call'
  rack (1.4.5) lib/rack/runtime.rb:17:in `call'
  activesupport (3.2.11) lib/active_support/cache/strategy/local_cache.rb:72:in `call'
  rack (1.4.5) lib/rack/lock.rb:15:in `call'
  actionpack (3.2.11) lib/action_dispatch/middleware/static.rb:62:in `call'
  railties (3.2.11) lib/rails/engine.rb:479:in `call'
  railties (3.2.11) lib/rails/application.rb:223:in `call'
  rack (1.4.5) lib/rack/content_length.rb:14:in `call'
  railties (3.2.11) lib/rails/rack/log_tailer.rb:17:in `call'
  rack (1.4.5) lib/rack/handler/webrick.rb:59:in `service'
  /Users/subbu/.rvm/rubies/ruby-2.0.0-p247/lib/ruby/2.0.0/webrick/httpserver.rb:138:in `service'
  /Users/subbu/.rvm/rubies/ruby-2.0.0-p247/lib/ruby/2.0.0/webrick/httpserver.rb:94:in `run'
  /Users/subbu/.rvm/rubies/ruby-2.0.0-p247/lib/ruby/2.0.0/webrick/server.rb:295:in `block in start_thread'


  Rendered /Users/subbu/.rvm/gems/ruby-2.0.0-p247@strikezone/gems/actionpack-3.2.11/lib/action_dispatch/middleware/templates/rescues/routing_error.erb within rescues/layout (0.5ms)
